===== Server Started: 2026-03-09T07:36:03.804Z =====
[2026-03-09T07:36:13.358Z]  GET     /
===== Server Started: 2026-03-09T07:38:54.207Z =====
[2026-03-09T07:38:59.725Z]  GET     /
[2026-03-09T07:38:59.806Z]  GET     /style.css
===== Server Started: 2026-03-09T07:39:35.726Z =====
[2026-03-09T07:39:41.252Z]  GET     /
[2026-03-09T07:39:41.324Z]  GET     /style.css
[2026-03-09T07:39:58.779Z]  GET     /contact
[2026-03-09T07:39:58.852Z]  GET     /style.css
===== Server Started: 2026-03-09T07:43:49.754Z =====
[2026-03-09T07:43:53.548Z]  GET     /contact
[2026-03-09T07:43:53.670Z]  GET     /style.css
[2026-03-09T07:44:26.571Z]  GET     /about
[2026-03-09T07:44:26.646Z]  GET     /style.css
[2026-03-09T07:45:43.718Z]  GET     /Form
[2026-03-09T07:45:43.821Z]  GET     /style.css
[2026-03-09T07:46:35.989Z]  GET     /greet?name=Zulqarnain
[2026-03-09T07:46:36.049Z]  GET     /style.css
[2026-03-09T07:48:37.134Z]  GET     /bjj
[2026-03-09T07:49:02.642Z]  GET     /
[2026-03-09T07:49:02.705Z]  GET     /style.css
[2026-03-09T07:49:08.230Z]  GET     /form
[2026-03-09T07:49:08.264Z]  GET     /style.css
[2026-03-09T07:49:19.650Z]  POST    /submit
[2026-03-09T07:49:19.919Z]  GET     /style.css
