[2026-03-13T01:19:23.995Z] GET    /  | IP: ::1 | User: guest
[2026-03-13T01:19:24.041Z] GET    /blog  | IP: ::1 | User: guest
[2026-03-13T01:20:38.188Z] GET    /auth/login  | IP: ::1 | User: guest
[2026-03-13T01:20:44.387Z] GET    /blog/search?q=test  | IP: ::1 | User: guest
[2026-03-13T01:20:50.409Z] GET    /blog  | IP: ::1 | User: guest
[2026-03-13T01:25:24.724Z] GET    /blog  | IP: ::1 | User: guest
[2026-03-13T01:25:35.499Z] GET    /auth/register  | IP: ::1 | User: guest
[2026-03-13T01:26:11.958Z] POST   /auth/register  | IP: ::1 | User: guest
[2026-03-13T01:26:12.389Z] GET    /auth/login  | IP: ::1 | User: guest
[2026-03-13T01:26:16.240Z] POST   /auth/login  | IP: ::1 | User: guest
[2026-03-13T01:26:16.252Z] GET    /auth/login  | IP: ::1 | User: guest
[2026-03-13T01:26:46.629Z] POST   /auth/login  | IP: ::1 | User: guest
[2026-03-13T01:26:47.007Z] GET    /dashboard  | IP: ::1 | User: Zulqarnain
[2026-03-13T01:26:47.096Z] GET    /uploads/default-avatar.png  | IP: ::1 | User: Zulqarnain
[2026-03-13T01:28:52.602Z] GET    /dashboard/posts/create  | IP: ::1 | User: Zulqarnain
[2026-03-13T01:28:52.692Z] GET    /uploads/default-avatar.png  | IP: ::1 | User: Zulqarnain
[2026-03-13T01:51:12.298Z] GET    /blog  | IP: ::1 | User: guest
[2026-03-13T01:52:17.267Z] GET    /auth/register  | IP: ::1 | User: guest
[2026-03-13T01:53:19.464Z] POST   /auth/register  | IP: ::1 | User: guest
[2026-03-13T01:53:21.967Z] GET    /auth/login  | IP: ::1 | User: guest
[2026-03-13T01:54:23.795Z] POST   /auth/login  | IP: ::1 | User: guest
[2026-03-13T01:54:26.165Z] GET    /dashboard  | IP: ::1 | User: testuser1
[2026-03-13T01:54:26.389Z] GET    /uploads/default-avatar.png  | IP: ::1 | User: testuser1
[2026-03-13T01:55:03.830Z] GET    /dashboard/settings  | IP: ::1 | User: testuser1
[2026-03-13T01:55:04.487Z] GET    /uploads/default-avatar.png  | IP: ::1 | User: testuser1
[2026-03-13T01:58:29.592Z] POST   /dashboard/settings/profile  | IP: ::1 | User: guest
[2026-03-13T01:58:29.612Z] GET    /auth/login  | IP: ::1 | User: guest
[2026-03-13T01:58:33.959Z] POST   /auth/login  | IP: ::1 | User: guest
[2026-03-13T01:58:34.493Z] GET    /dashboard  | IP: ::1 | User: Zulqarnain
[2026-03-13T01:58:34.590Z] GET    /uploads/default-avatar.png  | IP: ::1 | User: Zulqarnain
[2026-03-13T01:58:40.489Z] GET    /dashboard/settings  | IP: ::1 | User: Zulqarnain
[2026-03-13T01:58:40.620Z] GET    /uploads/default-avatar.png  | IP: ::1 | User: Zulqarnain
[2026-03-13T01:58:48.587Z] POST   /dashboard/settings/profile  | IP: ::1 | User: Zulqarnain
[2026-03-13T01:58:48.647Z] GET    /dashboard/settings  | IP: ::1 | User: Zulqarnain
[2026-03-13T01:58:55.215Z] GET    /blog  | IP: ::1 | User: Zulqarnain
[2026-03-13T01:58:58.459Z] GET    /auth/register  | IP: ::1 | User: Zulqarnain
[2026-03-13T01:58:58.469Z] GET    /dashboard  | IP: ::1 | User: Zulqarnain
[2026-03-13T01:59:05.298Z] GET    /dashboard/posts/create  | IP: ::1 | User: Zulqarnain
[2026-03-13T02:00:45.282Z] GET    /blog  | IP: ::1 | User: Zulqarnain
[2026-03-13T02:00:47.402Z] GET    /dashboard  | IP: ::1 | User: Zulqarnain
[2026-03-13T02:13:52.181Z] GET    /dashboard  | IP: ::1 | User: guest
[2026-03-13T02:13:52.208Z] GET    /auth/login  | IP: ::1 | User: guest
[2026-03-13T02:13:58.885Z] POST   /auth/login  | IP: ::1 | User: guest
[2026-03-13T02:13:59.328Z] GET    /dashboard  | IP: ::1 | User: Zulqarnain
[2026-03-13T02:14:03.895Z] GET    /blog  | IP: ::1 | User: Zulqarnain
[2026-03-13T02:14:08.560Z] GET    /blog  | IP: ::1 | User: Zulqarnain
[2026-03-13T02:14:10.058Z] GET    /blog/search  | IP: ::1 | User: Zulqarnain
[2026-03-13T02:14:11.804Z] GET    /dashboard  | IP: ::1 | User: Zulqarnain
[2026-03-13T02:14:15.060Z] GET    /dashboard/settings  | IP: ::1 | User: Zulqarnain
[2026-03-13T02:14:17.314Z] GET    /dashboard  | IP: ::1 | User: Zulqarnain
[2026-03-13T02:14:20.626Z] GET    /dashboard/posts/create  | IP: ::1 | User: Zulqarnain
[2026-03-13T02:14:29.607Z] GET    /blog  | IP: ::1 | User: Zulqarnain
[2026-03-13T02:14:54.239Z] GET    /auth/register  | IP: ::1 | User: Zulqarnain
[2026-03-13T02:14:54.248Z] GET    /dashboard  | IP: ::1 | User: Zulqarnain
[2026-03-13T02:14:58.533Z] GET    /dashboard/posts/create  | IP: ::1 | User: Zulqarnain
[2026-03-13T02:15:28.965Z] POST   /dashboard/posts/create  | IP: ::1 | User: Zulqarnain
[2026-03-13T02:15:29.023Z] GET    /dashboard  | IP: ::1 | User: Zulqarnain
[2026-03-13T02:15:34.703Z] GET    /blog  | IP: ::1 | User: Zulqarnain
[2026-03-13T02:15:39.456Z] GET    /blog  | IP: ::1 | User: Zulqarnain
[2026-03-13T02:15:41.842Z] GET    /dashboard  | IP: ::1 | User: Zulqarnain
[2026-03-13T02:15:44.983Z] GET    /dashboard/posts/69b37340046cb5fa527d22c7/edit  | IP: ::1 | User: Zulqarnain
[2026-03-13T02:15:52.476Z] PUT    /dashboard/posts/69b37340046cb5fa527d22c7?_method=PUT  | IP: ::1 | User: Zulqarnain
[2026-03-13T02:15:52.505Z] GET    /dashboard  | IP: ::1 | User: Zulqarnain
[2026-03-13T02:15:57.690Z] GET    /blog  | IP: ::1 | User: Zulqarnain
[2026-03-13T02:16:04.135Z] GET    /auth/register  | IP: ::1 | User: Zulqarnain
[2026-03-13T02:16:04.144Z] GET    /dashboard  | IP: ::1 | User: Zulqarnain
[2026-03-13T02:16:17.267Z] GET    /blog?category=Business  | IP: ::1 | User: Zulqarnain
[2026-03-13T02:16:19.060Z] GET    /blog  | IP: ::1 | User: Zulqarnain
[2026-03-13T02:16:25.697Z] GET    /auth/register  | IP: ::1 | User: Zulqarnain
[2026-03-13T02:16:25.705Z] GET    /dashboard  | IP: ::1 | User: Zulqarnain
[2026-03-13T05:12:11.525Z] GET    /  | IP: ::1 | User: guest
[2026-03-13T05:12:11.558Z] GET    /blog  | IP: ::1 | User: guest
[2026-03-13T05:12:24.122Z] GET    /auth/register  | IP: ::1 | User: guest
[2026-03-13T05:12:35.012Z] GET    /auth/login  | IP: ::1 | User: guest
[2026-03-13T05:12:38.188Z] GET    /auth/register  | IP: ::1 | User: guest
[2026-03-13T05:13:04.473Z] POST   /auth/register  | IP: ::1 | User: guest
[2026-03-13T05:13:04.520Z] GET    /auth/register  | IP: ::1 | User: guest
[2026-03-13T05:13:08.007Z] GET    /auth/login  | IP: ::1 | User: guest
[2026-03-13T05:13:23.713Z] POST   /auth/login  | IP: ::1 | User: guest
[2026-03-13T05:13:24.197Z] GET    /dashboard  | IP: ::1 | User: Zulqarnain
[2026-03-13T05:13:30.594Z] GET    /blog  | IP: ::1 | User: Zulqarnain
[2026-03-13T05:13:32.365Z] GET    /auth/register  | IP: ::1 | User: Zulqarnain
[2026-03-13T05:13:32.374Z] GET    /dashboard  | IP: ::1 | User: Zulqarnain
[2026-03-13T05:13:47.757Z] GET    /blog  | IP: ::1 | User: Zulqarnain
[2026-03-13T05:13:52.451Z] GET    /blog/rtyui-1773368128991  | IP: ::1 | User: Zulqarnain
[2026-03-13T05:14:24.780Z] GET    /blog/search  | IP: ::1 | User: Zulqarnain
[2026-03-13T05:14:26.022Z] GET    /dashboard  | IP: ::1 | User: Zulqarnain
[2026-03-13T05:14:53.303Z] GET    /blog  | IP: ::1 | User: Zulqarnain
[2026-03-13T05:14:54.782Z] GET    /blog/search  | IP: ::1 | User: Zulqarnain
[2026-03-13T05:14:56.352Z] GET    /dashboard  | IP: ::1 | User: Zulqarnain
[2026-03-13T05:15:00.599Z] GET    /dashboard/settings  | IP: ::1 | User: Zulqarnain
[2026-03-13T05:32:44.463Z] GET    /blog  | IP: ::1 | User: guest
[2026-03-13T05:33:36.172Z] GET    /blog/search  | IP: ::1 | User: guest
[2026-03-13T05:34:37.394Z] GET    /blog  | IP: ::1 | User: guest
[2026-03-13T05:36:13.341Z] GET    /blog  | IP: ::1 | User: guest
[2026-03-13T05:36:19.087Z] GET    /auth/register  | IP: ::1 | User: guest
[2026-03-13T05:36:40.611Z] GET    /auth/login  | IP: ::1 | User: guest
[2026-03-13T05:36:43.109Z] POST   /auth/login  | IP: ::1 | User: guest
[2026-03-13T05:36:44.140Z] GET    /dashboard  | IP: ::1 | User: Zulqarnain
[2026-03-13T05:36:53.413Z] GET    /blog  | IP: ::1 | User: Zulqarnain
[2026-03-13T05:36:55.871Z] GET    /dashboard/posts/create  | IP: ::1 | User: Zulqarnain
[2026-03-13T05:37:00.969Z] GET    /dashboard  | IP: ::1 | User: Zulqarnain
[2026-03-13T06:15:08.062Z] GET    /blog  | IP: ::1 | User: Zulqarnain
[2026-03-13T06:15:41.073Z] GET    /  | IP: ::1 | User: Zulqarnain
[2026-03-13T06:15:41.106Z] GET    /blog  | IP: ::1 | User: Zulqarnain
[2026-03-13T06:15:53.043Z] GET    /blog  | IP: ::1 | User: Zulqarnain
[2026-03-13T06:16:19.044Z] GET    /blog  | IP: ::1 | User: Zulqarnain
[2026-03-13T06:16:23.069Z] GET    /dashboard  | IP: ::1 | User: Zulqarnain
[2026-03-13T06:23:29.076Z] GET    /  | IP: ::1 | User: guest
[2026-03-13T06:23:29.126Z] GET    /blog  | IP: ::1 | User: guest
[2026-03-13T06:23:38.699Z] GET    /blog?category=Business  | IP: ::1 | User: guest
[2026-03-13T06:23:46.540Z] GET    /blog/search  | IP: ::1 | User: guest
[2026-03-13T06:23:48.339Z] GET    /auth/login  | IP: ::1 | User: guest
[2026-03-13T06:23:50.137Z] GET    /blog/search  | IP: ::1 | User: guest
[2026-03-13T06:23:53.077Z] GET    /blog  | IP: ::1 | User: guest
[2026-03-13T06:23:57.847Z] GET    /auth/login  | IP: ::1 | User: guest
[2026-03-13T06:23:59.855Z] GET    /blog  | IP: ::1 | User: guest
[2026-03-13T06:24:04.931Z] GET    /blog/search  | IP: ::1 | User: guest
[2026-03-13T06:24:08.291Z] GET    /auth/login  | IP: ::1 | User: guest
[2026-03-13T06:24:49.942Z] GET    /blog  | IP: ::1 | User: Zulqarnain
[2026-03-13T06:24:57.538Z] GET    /dashboard  | IP: ::1 | User: Zulqarnain
[2026-03-13T06:25:02.778Z] GET    /dashboard/posts/create  | IP: ::1 | User: Zulqarnain
[2026-03-13T06:25:21.768Z] GET    /dashboard/posts/create  | IP: ::1 | User: guest
[2026-03-13T06:25:21.795Z] GET    /auth/login  | IP: ::1 | User: guest
[2026-03-13T06:25:25.946Z] GET    /blog  | IP: ::1 | User: guest
[2026-03-13T06:25:48.171Z] GET    /blog  | IP: ::1 | User: Zulqarnain
[2026-03-13T06:27:04.220Z] GET    /dashboard/posts/create  | IP: ::1 | User: Zulqarnain
[2026-03-13T06:28:28.770Z] POST   /dashboard/posts/create  | IP: ::1 | User: Zulqarnain
[2026-03-13T06:28:28.949Z] GET    /dashboard  | IP: ::1 | User: Zulqarnain
[2026-03-13T06:28:35.021Z] GET    /dashboard/posts/create  | IP: ::1 | User: Zulqarnain
[2026-03-13T06:34:55.356Z] POST   /dashboard/posts/create  | IP: ::1 | User: Zulqarnain
[2026-03-13T06:34:55.387Z] GET    /dashboard  | IP: ::1 | User: Zulqarnain
[2026-03-13T06:35:47.001Z] GET    /dashboard/posts/create  | IP: ::1 | User: Zulqarnain
[2026-03-13T06:35:52.105Z] GET    /blog  | IP: ::1 | User: Zulqarnain
[2026-03-13T06:38:53.275Z] GET    /dashboard  | IP: ::1 | User: Zulqarnain
[2026-03-13T06:39:03.262Z] GET    /dashdjdjd  | IP: ::1 | User: Zulqarnain
[2026-03-13T06:39:14.694Z] GET    /blog  | IP: ::1 | User: Zulqarnain
[2026-03-13T06:39:17.877Z] GET    /blog?category=Business  | IP: ::1 | User: Zulqarnain
[2026-03-13T06:40:06.460Z] GET    /blog?category=Business  | IP: ::1 | User: Zulqarnain
[2026-03-13T06:40:19.407Z] GET    /dashboard  | IP: ::1 | User: Zulqarnain
[2026-03-13T06:40:21.687Z] GET    /blog/search  | IP: ::1 | User: Zulqarnain
[2026-03-13T06:40:29.101Z] GET    /dashboard  | IP: ::1 | User: Zulqarnain
[2026-03-13T06:46:13.233Z] POST   /auth/logout  | IP: ::1 | User: Zulqarnain
[2026-03-13T06:46:13.314Z] GET    /auth/login  | IP: ::1 | User: guest
[2026-03-13T06:46:38.766Z] GET    /auth/register  | IP: ::1 | User: guest
[2026-03-13T06:47:15.792Z] POST   /auth/register  | IP: ::1 | User: guest
[2026-03-13T06:47:16.418Z] GET    /auth/login  | IP: ::1 | User: guest
[2026-03-13T06:47:23.072Z] POST   /auth/login  | IP: ::1 | User: guest
[2026-03-13T06:47:23.545Z] GET    /dashboard  | IP: ::1 | User: Zulqarnain
[2026-03-13T06:47:27.036Z] POST   /auth/logout  | IP: ::1 | User: Zulqarnain
[2026-03-13T06:47:27.052Z] GET    /auth/login  | IP: ::1 | User: guest
[2026-03-13T06:47:40.137Z] POST   /auth/login  | IP: ::1 | User: guest
[2026-03-13T06:47:40.602Z] GET    /dashboard  | IP: ::1 | User: Saad
[2026-03-13T06:47:40.719Z] GET    /uploads/default-avatar.png  | IP: ::1 | User: Saad
[2026-03-13T06:47:45.833Z] GET    /blog  | IP: ::1 | User: Saad
[2026-03-13T06:47:46.046Z] GET    /uploads/default-avatar.png  | IP: ::1 | User: Saad
[2026-03-13T06:47:56.380Z] GET    /dashboard/posts/create  | IP: ::1 | User: Saad
[2026-03-13T06:47:56.472Z] GET    /uploads/default-avatar.png  | IP: ::1 | User: Saad
[2026-03-13T06:49:10.602Z] POST   /dashboard/posts/create  | IP: ::1 | User: Saad
[2026-03-13T06:49:10.620Z] GET    /dashboard/posts/create  | IP: ::1 | User: Saad
[2026-03-13T06:49:10.723Z] GET    /uploads/default-avatar.png  | IP: ::1 | User: Saad
[2026-03-13T06:50:05.761Z] POST   /auth/logout  | IP: ::1 | User: Saad
[2026-03-13T06:50:05.770Z] GET    /auth/login  | IP: ::1 | User: guest
[2026-03-13T06:54:13.793Z] GET    /auth/register  | IP: ::1 | User: guest
[2026-03-13T06:54:37.425Z] POST   /auth/register  | IP: ::1 | User: guest
[2026-03-13T06:54:37.444Z] GET    /auth/register  | IP: ::1 | User: guest
[2026-03-13T06:54:59.255Z] POST   /auth/register  | IP: ::1 | User: guest
[2026-03-13T06:54:59.787Z] GET    /auth/login  | IP: ::1 | User: guest
[2026-03-13T06:55:12.192Z] POST   /auth/login  | IP: ::1 | User: guest
[2026-03-13T06:55:12.677Z] GET    /dashboard  | IP: ::1 | User: Zulqar
[2026-03-13T06:55:12.808Z] GET    /uploads/default-avatar.png  | IP: ::1 | User: Zulqar
[2026-03-13T06:55:24.579Z] GET    /dashboard/posts/create  | IP: ::1 | User: Zulqar
[2026-03-13T06:55:24.689Z] GET    /uploads/default-avatar.png  | IP: ::1 | User: Zulqar
[2026-03-13T06:56:42.348Z] POST   /dashboard/posts/create  | IP: ::1 | User: Zulqar
[2026-03-13T06:56:42.396Z] GET    /dashboard  | IP: ::1 | User: Zulqar
[2026-03-13T06:56:42.538Z] GET    /uploads/default-avatar.png  | IP: ::1 | User: Zulqar
[2026-03-13T06:56:48.974Z] GET    /blog  | IP: ::1 | User: Zulqar
[2026-03-13T06:56:49.129Z] GET    /uploads/default-avatar.png  | IP: ::1 | User: Zulqar
[2026-03-13T06:56:58.051Z] GET    /blog?category=Business  | IP: ::1 | User: Zulqar
[2026-03-13T06:56:58.175Z] GET    /uploads/default-avatar.png  | IP: ::1 | User: Zulqar
[2026-03-13T06:56:59.201Z] GET    /blog?category=Technology  | IP: ::1 | User: Zulqar
[2026-03-13T06:56:59.363Z] GET    /uploads/default-avatar.png  | IP: ::1 | User: Zulqar
[2026-03-13T06:57:03.750Z] GET    /blog?category=Business  | IP: ::1 | User: Zulqar
[2026-03-13T06:57:03.876Z] GET    /uploads/default-avatar.png  | IP: ::1 | User: Zulqar
[2026-03-13T06:57:07.549Z] GET    /blog?category=Technology  | IP: ::1 | User: Zulqar
[2026-03-13T06:57:07.668Z] GET    /uploads/default-avatar.png  | IP: ::1 | User: Zulqar
[2026-03-13T06:57:15.553Z] GET    /blog/the-future-of-web-development-in-2026-1773383308888  | IP: ::1 | User: Zulqar
[2026-03-13T06:57:15.796Z] GET    /uploads/default-avatar.png  | IP: ::1 | User: Zulqar
[2026-03-13T06:57:26.491Z] GET    /blog  | IP: ::1 | User: Zulqar
[2026-03-13T06:57:26.616Z] GET    /uploads/default-avatar.png  | IP: ::1 | User: Zulqar
[2026-03-13T06:57:30.309Z] GET    /dashboard  | IP: ::1 | User: Zulqar
[2026-03-13T06:57:30.413Z] GET    /uploads/default-avatar.png  | IP: ::1 | User: Zulqar
[2026-03-13T06:57:36.843Z] GET    /dashboard/settings  | IP: ::1 | User: Zulqar
[2026-03-13T06:57:36.986Z] GET    /uploads/default-avatar.png  | IP: ::1 | User: Zulqar
[2026-03-13T06:57:58.137Z] POST   /dashboard/settings/profile  | IP: ::1 | User: Zulqar
[2026-03-13T06:57:58.187Z] GET    /dashboard/settings  | IP: ::1 | User: Zulqar
[2026-03-13T06:57:58.329Z] GET    /uploads/default-avatar.png  | IP: ::1 | User: Zulqar
[2026-03-13T06:58:08.896Z] POST   /dashboard/settings/profile  | IP: ::1 | User: Zulqar
[2026-03-13T06:58:08.923Z] GET    /dashboard/settings  | IP: ::1 | User: Zulqar
[2026-03-13T06:58:12.862Z] GET    /blog  | IP: ::1 | User: Zulqar
[2026-03-13T06:58:16.765Z] GET    /blog/search  | IP: ::1 | User: Zulqar
[2026-03-13T06:58:21.355Z] GET    /blog  | IP: ::1 | User: Zulqar
[2026-03-13T06:58:26.936Z] GET    /blog/search  | IP: ::1 | User: Zulqar
[2026-03-13T06:58:40.146Z] GET    /blog/search?q=The+python+Programming  | IP: ::1 | User: Zulqar
[2026-03-13T06:58:45.517Z] POST   /auth/logout  | IP: ::1 | User: Zulqar
[2026-03-13T06:58:45.531Z] GET    /auth/login  | IP: ::1 | User: guest
[2026-03-13T06:58:52.915Z] POST   /auth/login  | IP: ::1 | User: guest
[2026-03-13T06:58:53.392Z] GET    /dashboard  | IP: ::1 | User: Zulqarnain
[2026-03-13T06:59:05.029Z] GET    /blog  | IP: ::1 | User: Zulqarnain
[2026-03-13T06:59:11.015Z] GET    /blog/the-python-programming-1773385002372  | IP: ::1 | User: Zulqarnain
[2026-03-13T06:59:21.380Z] GET    /blog/search  | IP: ::1 | User: Zulqarnain
[2026-03-13T06:59:26.510Z] GET    /dashboard  | IP: ::1 | User: Zulqarnain
[2026-03-13T06:59:28.530Z] GET    /blog/search  | IP: ::1 | User: Zulqarnain
[2026-03-13T06:59:30.009Z] GET    /blog  | IP: ::1 | User: Zulqarnain
[2026-03-13T06:59:39.282Z] GET    /byehuu  | IP: ::1 | User: Zulqarnain
[2026-03-13T06:59:42.931Z] GET    /blog  | IP: ::1 | User: Zulqarnain
[2026-03-13T06:59:44.583Z] GET    /dashboard  | IP: ::1 | User: Zulqarnain
[2026-03-13T06:59:49.542Z] GET    /dashboard/posts/69b3b00f97c844ffb4a809f4/edit  | IP: ::1 | User: Zulqarnain
[2026-03-13T06:59:54.348Z] PUT    /dashboard/posts/69b3b00f97c844ffb4a809f4?_method=PUT  | IP: ::1 | User: Zulqarnain
[2026-03-13T06:59:54.377Z] GET    /dashboard  | IP: ::1 | User: Zulqarnain
[2026-03-13T07:00:00.877Z] GET    /blog  | IP: ::1 | User: Zulqarnain
[2026-03-13T07:00:04.076Z] GET    /blog?category=Travel  | IP: ::1 | User: Zulqarnain
[2026-03-13T07:00:10.311Z] GET    /blog?category=Technology  | IP: ::1 | User: Zulqarnain
[2026-03-13T07:00:13.124Z] GET    /blog  | IP: ::1 | User: Zulqarnain
[2026-03-13T07:00:54.869Z] POST   /auth/logout  | IP: ::1 | User: Zulqarnain
[2026-03-13T07:00:54.880Z] GET    /auth/login  | IP: ::1 | User: guest
[2026-03-13T07:00:59.572Z] GET    /blog  | IP: ::1 | User: guest
[2026-03-13T07:01:15.927Z] GET    /auth/register  | IP: ::1 | User: guest
